Using pre-set license
Built from '2021.3/staging' branch; Version is '2021.3.9f1 (ad3870b89536) revision 11352176'; Using compiler version '192829333'; Build Type 'Release'
OS: 'Windows 10  (10.0.19044) 64bit Core' Language: 'ko' Physical Memory: 16071 MB
BatchMode: 1, IsHumanControllingUs: 0, StartBugReporterOnCrash: 0, Is64bit: 1, IsPro: 1

COMMAND LINE ARGUMENTS:
F:\unity\2021.3.9f1\Editor\Unity.exe
-adb2
-batchMode
-noUpm
-name
AssetImportWorker5
-projectPath
F:/Sungshin/github/3-2-virtual-reality/vr_lecture_project
-logFile
Logs/AssetImportWorker5.log
-srvPort
6129
Successfully changed project path to: F:/Sungshin/github/3-2-virtual-reality/vr_lecture_project
F:/Sungshin/github/3-2-virtual-reality/vr_lecture_project
[UnityMemory] Configuration Parameters - Can be set up in boot.config
    "memorysetup-bucket-allocator-granularity=16"
    "memorysetup-bucket-allocator-bucket-count=8"
    "memorysetup-bucket-allocator-block-size=33554432"
    "memorysetup-bucket-allocator-block-count=8"
    "memorysetup-main-allocator-block-size=16777216"
    "memorysetup-thread-allocator-block-size=16777216"
    "memorysetup-gfx-main-allocator-block-size=16777216"
    "memorysetup-gfx-thread-allocator-block-size=16777216"
    "memorysetup-cache-allocator-block-size=4194304"
    "memorysetup-typetree-allocator-block-size=2097152"
    "memorysetup-profiler-bucket-allocator-granularity=16"
    "memorysetup-profiler-bucket-allocator-bucket-count=8"
    "memorysetup-profiler-bucket-allocator-block-size=33554432"
    "memorysetup-profiler-bucket-allocator-block-count=8"
    "memorysetup-profiler-allocator-block-size=16777216"
    "memorysetup-profiler-editor-allocator-block-size=1048576"
    "memorysetup-temp-allocator-size-main=16777216"
    "memorysetup-job-temp-allocator-block-size=2097152"
    "memorysetup-job-temp-allocator-block-size-background=1048576"
    "memorysetup-job-temp-allocator-reduction-small-platforms=262144"
    "memorysetup-temp-allocator-size-background-worker=32768"
    "memorysetup-temp-allocator-size-job-worker=262144"
    "memorysetup-temp-allocator-size-preload-manager=33554432"
    "memorysetup-temp-allocator-size-nav-mesh-worker=65536"
    "memorysetup-temp-allocator-size-audio-worker=65536"
    "memorysetup-temp-allocator-size-cloud-worker=32768"
    "memorysetup-temp-allocator-size-gi-baking-worker=262144"
    "memorysetup-temp-allocator-size-gfx=262144"
Refreshing native plugins compatible for Editor in 160.86 ms, found 11 plugins.
Preloading 1 native plugins for Editor in 2.27 ms.
Initialize engine version: 2021.3.9f1 (ad3870b89536)
[Subsystems] Discovering subsystems at path F:/unity/2021.3.9f1/Editor/Data/Resources/UnitySubsystems
[Subsystems] Discovering subsystems at path F:/Sungshin/github/3-2-virtual-reality/vr_lecture_project/Assets
GfxDevice: creating device client; threaded=0; jobified=0
Direct3D:
    Version:  Direct3D 11.0 [level 11.1]
    Renderer: Intel(R) UHD Graphics 750 (ID=0x4c8a)
    Vendor:   Intel
    VRAM:     8035 MB
    Driver:   30.0.101.1002
Initialize mono
Mono path[0] = 'F:/unity/2021.3.9f1/Editor/Data/Managed'
Mono path[1] = 'F:/unity/2021.3.9f1/Editor/Data/MonoBleedingEdge/lib/mono/unityjit-win32'
Mono config path = 'F:/unity/2021.3.9f1/Editor/Data/MonoBleedingEdge/etc'
Using monoOptions --debugger-agent=transport=dt_socket,embedding=1,server=y,suspend=n,address=127.0.0.1:56320
Begin MonoManager ReloadAssembly
Registering precompiled unity dll's ...
Register platform support module: F:/unity/2021.3.9f1/Editor/Data/PlaybackEngines/WindowsStandaloneSupport/UnityEditor.WindowsStandalone.Extensions.dll
Registered in 0.002305 seconds.
Native extension for WindowsStandalone target not found
Refreshing native plugins compatible for Editor in 115.47 ms, found 11 plugins.
Preloading 1 native plugins for Editor in 0.09 ms.
Mono: successfully reloaded assembly
- Completed reload, in  0.718 seconds
Domain Reload Profiling:
	ReloadAssembly (719ms)
		BeginReloadAssembly (153ms)
			ExecutionOrderSort (0ms)
			DisableScriptedObjects (0ms)
			BackupInstance (0ms)
			ReleaseScriptingObjects (0ms)
			CreateAndSetChildDomain (1ms)
		EndReloadAssembly (475ms)
			LoadAssemblies (151ms)
			RebuildTransferFunctionScriptingTraits (0ms)
			SetupTypeCache (113ms)
			ReleaseScriptCaches (0ms)
			RebuildScriptCaches (21ms)
			SetupLoadedEditorAssemblies (295ms)
				LogAssemblyErrors (0ms)
				InitializePlatformSupportModulesInManaged (5ms)
				SetLoadedEditorAssemblies (0ms)
				RefreshPlugins (116ms)
				BeforeProcessingInitializeOnLoad (1ms)
				ProcessInitializeOnLoadAttributes (97ms)
				ProcessInitializeOnLoadMethodAttributes (76ms)
				AfterProcessingInitializeOnLoad (0ms)
				EditorAssembliesLoaded (0ms)
			ExecutionOrderSort2 (0ms)
			AwakeInstancesAfterBackupRestoration (0ms)
Platform modules already initialized, skipping
Registering precompiled user dll's ...
Registered in 0.016644 seconds.
Begin MonoManager ReloadAssembly
Symbol file LoadedFromMemory doesn't match image F:\Sungshin\github\3-2-virtual-reality\vr_lecture_project\Library\PackageCache\com.unity.visualscripting@1.7.8\Editor\VisualScripting.Core\Dependencies\DotNetZip\Unity.VisualScripting.IonicZip.dll
Symbol file LoadedFromMemory doesn't match image F:\Sungshin\github\3-2-virtual-reality\vr_lecture_project\Library\PackageCache\com.unity.visualscripting@1.7.8\Editor\VisualScripting.Core\Dependencies\YamlDotNet\Unity.VisualScripting.YamlDotNet.dll
Native extension for WindowsStandalone target not found
Refreshing native plugins compatible for Editor in 83.98 ms, found 11 plugins.
Preloading 1 native plugins for Editor in 0.06 ms.
Package Manager log level set to [2]
System.Reflection.TargetInvocationException: Exception has been thrown by the target of an invocation. ---> System.NullReferenceException: Object reference not set to an instance of an object
  at Unity.XR.Oculus.OculusLoader.AssetPathToAbsolutePath (System.String assetPath) [0x0003d] in F:\Sungshin\github\3-2-virtual-reality\vr_lecture_project\Library\PackageCache\com.unity.xr.oculus@3.0.2\Runtime\OculusLoader.cs:271 
  at Unity.XR.Oculus.OculusLoader.EditorLoadOVRPlugin () [0x0007b] in F:\Sungshin\github\3-2-virtual-reality\vr_lecture_project\Library\PackageCache\com.unity.xr.oculus@3.0.2\Runtime\OculusLoader.cs:256 
  at (wrapper managed-to-native) System.Reflection.RuntimeMethodInfo.InternalInvoke(System.Reflection.RuntimeMethodInfo,object,object[],System.Exception&)
  at System.Reflection.RuntimeMethodInfo.Invoke (System.Object obj, System.Reflection.BindingFlags invokeAttr, System.Reflection.Binder binder, System.Object[] parameters, System.Globalization.CultureInfo culture) [0x0006a] in <9aad1b3a47484d63ba2b3985692d80e9>:0 
   --- End of inner exception stack trace ---
  at System.Reflection.RuntimeMethodInfo.Invoke (System.Object obj, System.Reflection.BindingFlags invokeAttr, System.Reflection.Binder binder, System.Object[] parameters, System.Globalization.CultureInfo culture) [0x00083] in <9aad1b3a47484d63ba2b3985692d80e9>:0 
  at System.Reflection.MethodBase.Invoke (System.Object obj, System.Object[] parameters) [0x00000] in <9aad1b3a47484d63ba2b3985692d80e9>:0 
  at UnityEditor.EditorAssemblies.ProcessInitializeOnLoadMethodAttributes () [0x000a5] in <0d6ce211ebbc47e1a35a84c3672ff58f>:0 
UnityEngine.StackTraceUtility:ExtractStackTrace ()
UnityEngine.DebugLogHandler:LogFormat (UnityEngine.LogType,UnityEngine.Object,string,object[])
UnityEngine.Logger:Log (UnityEngine.LogType,object)
UnityEngine.Debug:LogError (object)
UnityEditor.EditorAssemblies:ProcessInitializeOnLoadMethodAttributes ()

Mono: successfully reloaded assembly
- Completed reload, in  1.151 seconds
Domain Reload Profiling:
	ReloadAssembly (1151ms)
		BeginReloadAssembly (133ms)
			ExecutionOrderSort (0ms)
			DisableScriptedObjects (4ms)
			BackupInstance (0ms)
			ReleaseScriptingObjects (0ms)
			CreateAndSetChildDomain (20ms)
		EndReloadAssembly (883ms)
			LoadAssemblies (176ms)
			RebuildTransferFunctionScriptingTraits (0ms)
			SetupTypeCache (218ms)
			ReleaseScriptCaches (1ms)
			RebuildScriptCaches (52ms)
			SetupLoadedEditorAssemblies (410ms)
				LogAssemblyErrors (0ms)
				InitializePlatformSupportModulesInManaged (2ms)
				SetLoadedEditorAssemblies (0ms)
				RefreshPlugins (84ms)
				BeforeProcessingInitializeOnLoad (69ms)
				ProcessInitializeOnLoadAttributes (227ms)
				ProcessInitializeOnLoadMethodAttributes (25ms)
				AfterProcessingInitializeOnLoad (2ms)
				EditorAssembliesLoaded (0ms)
			ExecutionOrderSort2 (0ms)
			AwakeInstancesAfterBackupRestoration (4ms)
Platform modules already initialized, skipping
========================================================================
Worker process is ready to serve import requests
Launched and connected shader compiler UnityShaderCompiler.exe after 0.03 seconds
Refreshing native plugins compatible for Editor in 0.78 ms, found 11 plugins.
Preloading 1 native plugins for Editor in 0.05 ms.
Unloading 4517 Unused Serialized files (Serialized files now loaded: 0)
Unloading 50 unused Assets / (148.1 KB). Loaded Objects now: 4975.
Memory consumption went from 171.3 MB to 171.2 MB.
Total: 3.527000 ms (FindLiveObjects: 0.290700 ms CreateObjectMapping: 0.141300 ms MarkObjects: 2.964400 ms  DeleteObjects: 0.130000 ms)

AssetImportParameters requested are different than current active one (requested -> active):
  custom:video-decoder-ogg-theora: a1e56fd34408186e4bbccfd4996cb3dc -> 
  custom:container-muxer-webm: aa71ff27fc2769a1b78a27578f13a17b -> 
  custom:container-demuxer-webm: 4f35f7cbe854078d1ac9338744f61a02 -> 
  custom:video-encoder-webm-vp8: eb34c28f22e8b96e1ab97ce403110664 -> 
  custom:video-codec-MediaFoundation-h265: 746d11721c4dcdbdad8f713fa42b33f4 -> 
  custom:audio-encoder-webm-vorbis: bf7c407c2cedff20999df2af8eb42d56 -> 
  custom:framework-win-MediaFoundation: 216162199b28c13a410421893ffa2e32 -> 
  custom:container-demuxer-ogg: 62fdf1f143b41e24485cea50d1cbac27 -> 
  custom:video-decoder-webm-vp8: 9c59270c3fd7afecdb556c50c9e8de78 -> 
  custom:audio-decoder-ogg-vorbis: bf7c407c2cedff20999df2af8eb42d56 -> 
========================================================================
Received Import Request.
  Time since last request: 269814.963040 seconds.
  path: Assets/Suburban Structure Kit/Materials/Concrete.mat
  artifactKey: Guid(396959b17379eb546975d8b43cd8e3c9) Importer(815301076,1909f56bfc062723c751e8b465ee728b)
Start importing Assets/Suburban Structure Kit/Materials/Concrete.mat using Guid(396959b17379eb546975d8b43cd8e3c9) Importer(815301076,1909f56bfc062723c751e8b465ee728b)  -> (artifact id: '8b35bc8f0ce5795febf675eb2d9189de') in 0.334743 seconds 
========================================================================
Received Import Request.
  Time since last request: 1.744303 seconds.
  path: Assets/Suburban Structure Kit/Materials/DarkGreySidingTriangle.mat
  artifactKey: Guid(1b19f1c3afa09ae4fabe285b1217fff5) Importer(815301076,1909f56bfc062723c751e8b465ee728b)
Start importing Assets/Suburban Structure Kit/Materials/DarkGreySidingTriangle.mat using Guid(1b19f1c3afa09ae4fabe285b1217fff5) Importer(815301076,1909f56bfc062723c751e8b465ee728b)  -> (artifact id: 'd1e6847feb56ae60dcda234f1618650d') in 0.019432 seconds 
========================================================================
Received Import Request.
  Time since last request: 0.000018 seconds.
  path: Assets/Suburban Structure Kit/Materials/DoorGrainedWhite 1.mat
  artifactKey: Guid(3635020642372ad4fbcc60914e99f2f6) Importer(815301076,1909f56bfc062723c751e8b465ee728b)
Start importing Assets/Suburban Structure Kit/Materials/DoorGrainedWhite 1.mat using Guid(3635020642372ad4fbcc60914e99f2f6) Importer(815301076,1909f56bfc062723c751e8b465ee728b)  -> (artifact id: '7aaaf8c149949c2e34bc885ecd73055d') in 0.031214 seconds 
========================================================================
Received Import Request.
  Time since last request: 0.030265 seconds.
  path: Assets/Standard Assets/Environment/SpeedTree/Broadleaf/Broadleaf_Desktop Materials/LOD1/FacingLeaves_4.mat
  artifactKey: Guid(9938463bcd729fe41b4937cb6d2d692b) Importer(815301076,1909f56bfc062723c751e8b465ee728b)
Start importing Assets/Standard Assets/Environment/SpeedTree/Broadleaf/Broadleaf_Desktop Materials/LOD1/FacingLeaves_4.mat using Guid(9938463bcd729fe41b4937cb6d2d692b) Importer(815301076,1909f56bfc062723c751e8b465ee728b)  -> (artifact id: '1aa69276aff5527b513642558e076415') in 0.575014 seconds 
========================================================================
Received Import Request.
  Time since last request: 2.509904 seconds.
  path: Assets/Suburban Structure Kit/Materials/FineWood6.mat
  artifactKey: Guid(09f24017279ca784a92d5599e2b5fb4c) Importer(815301076,1909f56bfc062723c751e8b465ee728b)
Start importing Assets/Suburban Structure Kit/Materials/FineWood6.mat using Guid(09f24017279ca784a92d5599e2b5fb4c) Importer(815301076,1909f56bfc062723c751e8b465ee728b)  -> (artifact id: '94ddb04dfbb654a5903cf890e79afe2d') in 0.032694 seconds 
========================================================================
Received Import Request.
  Time since last request: 0.000046 seconds.
  path: Assets/Standard Assets/Environment/SpeedTree/Conifer/Conifer_Desktop Materials/LOD0/Fronds_2.mat
  artifactKey: Guid(0aa00c0212e047047aa5a1ce93b07f49) Importer(815301076,1909f56bfc062723c751e8b465ee728b)
Start importing Assets/Standard Assets/Environment/SpeedTree/Conifer/Conifer_Desktop Materials/LOD0/Fronds_2.mat using Guid(0aa00c0212e047047aa5a1ce93b07f49) Importer(815301076,1909f56bfc062723c751e8b465ee728b)  -> (artifact id: 'df323a64dcd4c71354f2b0dd9ce4515c') in 0.483403 seconds 
========================================================================
Received Import Request.
  Time since last request: 0.000056 seconds.
  path: Assets/Standard Assets/Environment/SpeedTree/Broadleaf/Broadleaf_Desktop Materials/LOD2/Fronds_2.mat
  artifactKey: Guid(ee0b78d572fcec249860ad38970b7888) Importer(815301076,1909f56bfc062723c751e8b465ee728b)
Start importing Assets/Standard Assets/Environment/SpeedTree/Broadleaf/Broadleaf_Desktop Materials/LOD2/Fronds_2.mat using Guid(ee0b78d572fcec249860ad38970b7888) Importer(815301076,1909f56bfc062723c751e8b465ee728b)  -> (artifact id: 'e9036289301f365e0234327588c84951') in 0.033313 seconds 
========================================================================
Received Import Request.
  Time since last request: 0.000189 seconds.
  path: Assets/Suburban Structure Kit/Models/GarageDoorSquareGrilled.fbx
  artifactKey: Guid(7ca60bebc80afa0478e9da7ddff4c4a5) Importer(815301076,1909f56bfc062723c751e8b465ee728b)
Start importing Assets/Suburban Structure Kit/Models/GarageDoorSquareGrilled.fbx using Guid(7ca60bebc80afa0478e9da7ddff4c4a5) Importer(815301076,1909f56bfc062723c751e8b465ee728b)  -> (artifact id: '1b7d06f120448e75e1af39a5fbc3dada') in 0.221492 seconds 
========================================================================
Received Import Request.
  Time since last request: 0.000140 seconds.
  path: Assets/Suburban Structure Kit/Models/DoorQuarterGlassSlab.fbx
  artifactKey: Guid(1beba65f7c77309498da21556ce67408) Importer(815301076,1909f56bfc062723c751e8b465ee728b)
Start importing Assets/Suburban Structure Kit/Models/DoorQuarterGlassSlab.fbx using Guid(1beba65f7c77309498da21556ce67408) Importer(815301076,1909f56bfc062723c751e8b465ee728b)  -> (artifact id: '8895145fa5e701d1ff67c32c630485f6') in 0.094282 seconds 
========================================================================
Received Import Request.
  Time since last request: 4.472161 seconds.
  path: Assets/Suburban Structure Kit/Models/WindowFixedDouble.fbx
  artifactKey: Guid(4273cb24d93cda2449516c055258676b) Importer(815301076,1909f56bfc062723c751e8b465ee728b)
Start importing Assets/Suburban Structure Kit/Models/WindowFixedDouble.fbx using Guid(4273cb24d93cda2449516c055258676b) Importer(815301076,1909f56bfc062723c751e8b465ee728b)  -> (artifact id: '4eac526f81c0a755ae2232d14cbfb8d1') in 0.094964 seconds 
========================================================================
Received Import Request.
  Time since last request: 0.000094 seconds.
  path: Assets/Suburban Structure Kit/Models/Doorway2LiteandHeader.fbx
  artifactKey: Guid(c77a2e61ccc0fc34ab492e16fc22cb61) Importer(815301076,1909f56bfc062723c751e8b465ee728b)
Start importing Assets/Suburban Structure Kit/Models/Doorway2LiteandHeader.fbx using Guid(c77a2e61ccc0fc34ab492e16fc22cb61) Importer(815301076,1909f56bfc062723c751e8b465ee728b)  -> (artifact id: '038cfcca793f11c3d47c3ae7609cc051') in 0.174207 seconds 
========================================================================
Received Import Request.
  Time since last request: 2.991930 seconds.
  path: Assets/Suburban Structure Kit/Materials/HardwoodDark3.mat
  artifactKey: Guid(a43ab143d3d714d46b1a413d819baa62) Importer(815301076,1909f56bfc062723c751e8b465ee728b)
Start importing Assets/Suburban Structure Kit/Materials/HardwoodDark3.mat using Guid(a43ab143d3d714d46b1a413d819baa62) Importer(815301076,1909f56bfc062723c751e8b465ee728b)  -> (artifact id: '6f4f541ee5e321cb61a33510c330647c') in 0.019691 seconds 
========================================================================
Received Import Request.
  Time since last request: 0.000049 seconds.
  path: Assets/Suburban Structure Kit/Materials/HardwoodDark9.mat
  artifactKey: Guid(e9b8c8ff3bf32324a9a66bc5bb710fbd) Importer(815301076,1909f56bfc062723c751e8b465ee728b)
Start importing Assets/Suburban Structure Kit/Materials/HardwoodDark9.mat using Guid(e9b8c8ff3bf32324a9a66bc5bb710fbd) Importer(815301076,1909f56bfc062723c751e8b465ee728b)  -> (artifact id: '57bba4150e9f3871ea1488c7b833b129') in 0.035765 seconds 
========================================================================
Received Import Request.
  Time since last request: 0.000071 seconds.
  path: Assets/Suburban Structure Kit/Materials/HardwoodLight3.mat
  artifactKey: Guid(76ff933786832614c9f6638d74252179) Importer(815301076,1909f56bfc062723c751e8b465ee728b)
Start importing Assets/Suburban Structure Kit/Materials/HardwoodLight3.mat using Guid(76ff933786832614c9f6638d74252179) Importer(815301076,1909f56bfc062723c751e8b465ee728b)  -> (artifact id: '625b834fd7360916bc5067777d7e30bf') in 0.027756 seconds 
========================================================================
Received Import Request.
  Time since last request: 0.000093 seconds.
  path: Assets/Standard Assets/Environment/SpeedTree/Palm/Palm_Desktop Materials/LOD1/Leaves_3.mat
  artifactKey: Guid(9cc6d6e9e3fe9154890a6f9caa77c955) Importer(815301076,1909f56bfc062723c751e8b465ee728b)
Start importing Assets/Standard Assets/Environment/SpeedTree/Palm/Palm_Desktop Materials/LOD1/Leaves_3.mat using Guid(9cc6d6e9e3fe9154890a6f9caa77c955) Importer(815301076,1909f56bfc062723c751e8b465ee728b)  -> (artifact id: 'a459e23e9e80f7fa7bc5620d4302a52a') in 0.033820 seconds 
========================================================================
Received Import Request.
  Time since last request: 0.000060 seconds.
  path: Assets/Standard Assets/Environment/SpeedTree/Broadleaf/Broadleaf_Mobile Materials/LOD0/Leaves_1.mat
  artifactKey: Guid(6c3b3265bf0f7e547a1ada8555f850a5) Importer(815301076,1909f56bfc062723c751e8b465ee728b)
Start importing Assets/Standard Assets/Environment/SpeedTree/Broadleaf/Broadleaf_Mobile Materials/LOD0/Leaves_1.mat using Guid(6c3b3265bf0f7e547a1ada8555f850a5) Importer(815301076,1909f56bfc062723c751e8b465ee728b)  -> (artifact id: 'afceb56b8a856579beeba537cc0a97bf') in 0.033000 seconds 
========================================================================
Received Import Request.
  Time since last request: 0.000031 seconds.
  path: Assets/Standard Assets/Environment/SpeedTree/Broadleaf/Broadleaf_Desktop Materials/LOD1/Leaves_3.mat
  artifactKey: Guid(21b01056ea59b814f9ae15d8e6bb3aac) Importer(815301076,1909f56bfc062723c751e8b465ee728b)
Start importing Assets/Standard Assets/Environment/SpeedTree/Broadleaf/Broadleaf_Desktop Materials/LOD1/Leaves_3.mat using Guid(21b01056ea59b814f9ae15d8e6bb3aac) Importer(815301076,1909f56bfc062723c751e8b465ee728b)  -> (artifact id: '009ec4830db8b5851fd02e7046776efa') in 0.036694 seconds 
========================================================================
Received Import Request.
  Time since last request: 0.000051 seconds.
  path: Assets/Suburban Structure Kit/Materials/HardwoodLight1.mat
  artifactKey: Guid(acfefb5c2799831459f3d7b3dae190ca) Importer(815301076,1909f56bfc062723c751e8b465ee728b)
Start importing Assets/Suburban Structure Kit/Materials/HardwoodLight1.mat using Guid(acfefb5c2799831459f3d7b3dae190ca) Importer(815301076,1909f56bfc062723c751e8b465ee728b)  -> (artifact id: 'f4b9f10a6fc5961a2dd039fe0aae43ef') in 0.032912 seconds 
========================================================================
Received Import Request.
  Time since last request: 0.000042 seconds.
  path: Assets/Suburban Structure Kit/Materials/HardwoodLight5.mat
  artifactKey: Guid(6aabf5ac43cf68f49ae755a2e8a89dcc) Importer(815301076,1909f56bfc062723c751e8b465ee728b)
Start importing Assets/Suburban Structure Kit/Materials/HardwoodLight5.mat using Guid(6aabf5ac43cf68f49ae755a2e8a89dcc) Importer(815301076,1909f56bfc062723c751e8b465ee728b)  -> (artifact id: 'd990e7de932b83bb6d6c7bc1a69fb1c0') in 0.029834 seconds 
========================================================================
Received Import Request.
  Time since last request: 7.783223 seconds.
  path: Assets/Suburban Structure Kit/Models/InteriorStairsSingle.fbx
  artifactKey: Guid(2a547f8fef9087f4e93730a335913937) Importer(815301076,1909f56bfc062723c751e8b465ee728b)
Start importing Assets/Suburban Structure Kit/Models/InteriorStairsSingle.fbx using Guid(2a547f8fef9087f4e93730a335913937) Importer(815301076,1909f56bfc062723c751e8b465ee728b)  -> (artifact id: '71a324e1ee8dcdb452b59e36512f8d38') in 0.068830 seconds 
========================================================================
Received Import Request.
  Time since last request: 0.000068 seconds.
  path: Assets/Suburban Structure Kit/Models/BaseboardColonial.fbx
  artifactKey: Guid(ed82145e84d27fd4ea33213fbf8e1980) Importer(815301076,1909f56bfc062723c751e8b465ee728b)
Start importing Assets/Suburban Structure Kit/Models/BaseboardColonial.fbx using Guid(ed82145e84d27fd4ea33213fbf8e1980) Importer(815301076,1909f56bfc062723c751e8b465ee728b)  -> (artifact id: '6fcbb8d36c883a0b58e6df326acc08d7') in 0.090416 seconds 
========================================================================
Received Import Request.
  Time since last request: 0.000049 seconds.
  path: Assets/Suburban Structure Kit/Models/InteriorStairsHalf.fbx
  artifactKey: Guid(60e3e6f239d0079418bdc23297cf8b54) Importer(815301076,1909f56bfc062723c751e8b465ee728b)
Start importing Assets/Suburban Structure Kit/Models/InteriorStairsHalf.fbx using Guid(60e3e6f239d0079418bdc23297cf8b54) Importer(815301076,1909f56bfc062723c751e8b465ee728b)  -> (artifact id: '0cb620a100ecb88d4eed5cc47e8f8b1c') in 0.071322 seconds 
========================================================================
Received Import Request.
  Time since last request: 0.790666 seconds.
  path: Assets/Suburban Structure Kit/Models/BostonHeader.fbx
  artifactKey: Guid(bd2d003907f51a04faf3bc6f5964fdd9) Importer(815301076,1909f56bfc062723c751e8b465ee728b)
Start importing Assets/Suburban Structure Kit/Models/BostonHeader.fbx using Guid(bd2d003907f51a04faf3bc6f5964fdd9) Importer(815301076,1909f56bfc062723c751e8b465ee728b)  -> (artifact id: '3ed9c32ca5e25075dc96866aa2073eb7') in 0.089189 seconds 
========================================================================
Received Import Request.
  Time since last request: 1.474412 seconds.
  path: Assets/Suburban Structure Kit/Models/Dripedge.fbx
  artifactKey: Guid(1ebd49307b39fa74085bcbe40a4f98a5) Importer(815301076,1909f56bfc062723c751e8b465ee728b)
Start importing Assets/Suburban Structure Kit/Models/Dripedge.fbx using Guid(1ebd49307b39fa74085bcbe40a4f98a5) Importer(815301076,1909f56bfc062723c751e8b465ee728b)  -> (artifact id: 'faa633bc8f49d0de67d56377b3a86dcb') in 0.061916 seconds 
========================================================================
Received Import Request.
  Time since last request: 0.000042 seconds.
  path: Assets/Suburban Structure Kit/Models/ArchCorner.fbx
  artifactKey: Guid(abeaa7afcdb0caa4ca98cc27248d2e4e) Importer(815301076,1909f56bfc062723c751e8b465ee728b)
Start importing Assets/Suburban Structure Kit/Models/ArchCorner.fbx using Guid(abeaa7afcdb0caa4ca98cc27248d2e4e) Importer(815301076,1909f56bfc062723c751e8b465ee728b)  -> (artifact id: '1e07f43236b589cc4b56bce1a1b3d0e9') in 0.079539 seconds 
========================================================================
Received Import Request.
  Time since last request: 0.215414 seconds.
  path: Assets/Suburban Structure Kit/Models/Overhang.fbx
  artifactKey: Guid(98cc34048d39d784a98039fa8a444630) Importer(815301076,1909f56bfc062723c751e8b465ee728b)
Start importing Assets/Suburban Structure Kit/Models/Overhang.fbx using Guid(98cc34048d39d784a98039fa8a444630) Importer(815301076,1909f56bfc062723c751e8b465ee728b)  -> (artifact id: '1405704627c2cb7eb54fb659f8b5296e') in 0.129735 seconds 
========================================================================
Received Import Request.
  Time since last request: 0.254427 seconds.
  path: Assets/Suburban Structure Kit/Models/EaveDownpipe45.fbx
  artifactKey: Guid(9ba670fc74501ad439301eadc662496a) Importer(815301076,1909f56bfc062723c751e8b465ee728b)
Start importing Assets/Suburban Structure Kit/Models/EaveDownpipe45.fbx using Guid(9ba670fc74501ad439301eadc662496a) Importer(815301076,1909f56bfc062723c751e8b465ee728b)  -> (artifact id: '4eb3dc64b5cc67ead5bbbab7105456d6') in 0.100532 seconds 
========================================================================
Received Import Request.
  Time since last request: 0.389915 seconds.
  path: Assets/Suburban Structure Kit/Models/WindowDoubleCasing1.fbx
  artifactKey: Guid(5cb02f3192189a345b51bfe49308eba0) Importer(815301076,1909f56bfc062723c751e8b465ee728b)
Start importing Assets/Suburban Structure Kit/Models/WindowDoubleCasing1.fbx using Guid(5cb02f3192189a345b51bfe49308eba0) Importer(815301076,1909f56bfc062723c751e8b465ee728b)  -> (artifact id: 'a099cfa972a4276b9674e4c4f96b535f') in 0.086442 seconds 
========================================================================
Received Import Request.
  Time since last request: 1.348348 seconds.
  path: Assets/Suburban Structure Kit/Models/DoorknobVictorian.fbx
  artifactKey: Guid(85b78f41b1d78b44fa1cf8465f06541c) Importer(815301076,1909f56bfc062723c751e8b465ee728b)
Start importing Assets/Suburban Structure Kit/Models/DoorknobVictorian.fbx using Guid(85b78f41b1d78b44fa1cf8465f06541c) Importer(815301076,1909f56bfc062723c751e8b465ee728b)  -> (artifact id: 'c565b7d8fcc73dc2f87b30822c9ab5b2') in 0.153618 seconds 
========================================================================
Received Import Request.
  Time since last request: 0.000066 seconds.
  path: Assets/Suburban Structure Kit/Models/CedarTriangle.fbx
  artifactKey: Guid(562333ec7122e7d40b22433f06e2b3c1) Importer(815301076,1909f56bfc062723c751e8b465ee728b)
Start importing Assets/Suburban Structure Kit/Models/CedarTriangle.fbx using Guid(562333ec7122e7d40b22433f06e2b3c1) Importer(815301076,1909f56bfc062723c751e8b465ee728b)  -> (artifact id: 'e2c0cae40e1cdc68c6fdff884fc85ac4') in 0.133752 seconds 
========================================================================
Received Import Request.
  Time since last request: 0.000069 seconds.
  path: Assets/Suburban Structure Kit/Models/DoorknobGeorgian.fbx
  artifactKey: Guid(0d2fb4998089bd14a8689f9b9bca10d9) Importer(815301076,1909f56bfc062723c751e8b465ee728b)
Start importing Assets/Suburban Structure Kit/Models/DoorknobGeorgian.fbx using Guid(0d2fb4998089bd14a8689f9b9bca10d9) Importer(815301076,1909f56bfc062723c751e8b465ee728b)  -> (artifact id: '57d57e2fa1c5ff6cfb6a5e37676bd75e') in 0.143982 seconds 
========================================================================
Received Import Request.
  Time since last request: 6.062510 seconds.
  path: Assets/Suburban Structure Kit/Materials/OutdoorTile4.mat
  artifactKey: Guid(60c29e098e641894ba59814fe6fd60bc) Importer(815301076,1909f56bfc062723c751e8b465ee728b)
Start importing Assets/Suburban Structure Kit/Materials/OutdoorTile4.mat using Guid(60c29e098e641894ba59814fe6fd60bc) Importer(815301076,1909f56bfc062723c751e8b465ee728b)  -> (artifact id: 'deb1c093af80b66ee47e15e950f79959') in 0.048314 seconds 
========================================================================
Received Import Request.
  Time since last request: 2.273950 seconds.
  path: Assets/Suburban Structure Kit/Materials/Soffit 3.mat
  artifactKey: Guid(2f7d84a7578f0f54a82c33e51f052977) Importer(815301076,1909f56bfc062723c751e8b465ee728b)
Start importing Assets/Suburban Structure Kit/Materials/Soffit 3.mat using Guid(2f7d84a7578f0f54a82c33e51f052977) Importer(815301076,1909f56bfc062723c751e8b465ee728b)  -> (artifact id: 'f374ee528bf2718040f7602792654de4') in 0.155547 seconds 
========================================================================
Received Import Request.
  Time since last request: 12.184710 seconds.
  path: Assets/Suburban Structure Kit/Materials/StackedStone1A 5.mat
  artifactKey: Guid(8e73a2d33879d5c4fa870e04af277f4f) Importer(815301076,1909f56bfc062723c751e8b465ee728b)
Start importing Assets/Suburban Structure Kit/Materials/StackedStone1A 5.mat using Guid(8e73a2d33879d5c4fa870e04af277f4f) Importer(815301076,1909f56bfc062723c751e8b465ee728b)  -> (artifact id: '8e0da28e1e60dd962e53784e22357cd7') in 0.031028 seconds 
========================================================================
Received Import Request.
  Time since last request: 0.000028 seconds.
  path: Assets/Suburban Structure Kit/Materials/StackedStone1A 8.mat
  artifactKey: Guid(009281f15c53d6740aa039127e686fdf) Importer(815301076,1909f56bfc062723c751e8b465ee728b)
Start importing Assets/Suburban Structure Kit/Materials/StackedStone1A 8.mat using Guid(009281f15c53d6740aa039127e686fdf) Importer(815301076,1909f56bfc062723c751e8b465ee728b)  -> (artifact id: '9e383b9142bf22e566912fe3b08c9137') in 0.029944 seconds 
========================================================================
Received Import Request.
  Time since last request: 0.050827 seconds.
  path: Assets/Suburban Structure Kit/Materials/StackedStone1A 12.mat
  artifactKey: Guid(0cfc8d26ced31724c82941d500b70290) Importer(815301076,1909f56bfc062723c751e8b465ee728b)
Start importing Assets/Suburban Structure Kit/Materials/StackedStone1A 12.mat using Guid(0cfc8d26ced31724c82941d500b70290) Importer(815301076,1909f56bfc062723c751e8b465ee728b)  -> (artifact id: '26ae94e39ffeb6db983bf7673557d8e5') in 0.018788 seconds 
========================================================================
Received Import Request.
  Time since last request: 1.305518 seconds.
  path: Assets/Suburban Structure Kit/Materials/TileFloorB2.mat
  artifactKey: Guid(dc8b1b8cc7a31af4cb3cc79484ae83cc) Importer(815301076,1909f56bfc062723c751e8b465ee728b)
Start importing Assets/Suburban Structure Kit/Materials/TileFloorB2.mat using Guid(dc8b1b8cc7a31af4cb3cc79484ae83cc) Importer(815301076,1909f56bfc062723c751e8b465ee728b)  -> (artifact id: 'a3bf09834a2fc68ecc8fdf3336d0ed5d') in 0.022698 seconds 
========================================================================
Received Import Request.
  Time since last request: 0.360774 seconds.
  path: Assets/Suburban Structure Kit/Materials/WallBlue 1.mat
  artifactKey: Guid(f76746b93dca6a34884d63e9a2f293c6) Importer(815301076,1909f56bfc062723c751e8b465ee728b)
Start importing Assets/Suburban Structure Kit/Materials/WallBlue 1.mat using Guid(f76746b93dca6a34884d63e9a2f293c6) Importer(815301076,1909f56bfc062723c751e8b465ee728b)  -> (artifact id: 'a98aa95a9e5a850f32c6a5cb6e5bbaa2') in 0.031134 seconds 
========================================================================
Received Import Request.
  Time since last request: 0.058367 seconds.
  path: Assets/Standard Assets/Environment/Water/Water4/Materials/Water4Advanced.mat
  artifactKey: Guid(a5f2339f242f6cc41a982ec55ea3c201) Importer(815301076,1909f56bfc062723c751e8b465ee728b)
Start importing Assets/Standard Assets/Environment/Water/Water4/Materials/Water4Advanced.mat using Guid(a5f2339f242f6cc41a982ec55ea3c201) Importer(815301076,1909f56bfc062723c751e8b465ee728b)  -> (artifact id: '24a569a96dc0593daf27c2ae696fb47c') in 0.034401 seconds 
========================================================================
Received Import Request.
  Time since last request: 2.671626 seconds.
  path: Assets/Standard Assets/Environment/Water/Water/Materials/WaterPlaneMaterial.mat
  artifactKey: Guid(f1bc741ea0e69a241896582ddb633d55) Importer(815301076,1909f56bfc062723c751e8b465ee728b)
Start importing Assets/Standard Assets/Environment/Water/Water/Materials/WaterPlaneMaterial.mat using Guid(f1bc741ea0e69a241896582ddb633d55) Importer(815301076,1909f56bfc062723c751e8b465ee728b)  -> (artifact id: '5715fb72d548ed9a298446327b73535f') in 0.032058 seconds 
========================================================================
Received Import Request.
  Time since last request: 0.000021 seconds.
  path: Assets/Standard Assets/Environment/Water/Water/Materials/WaterProNighttime.mat
  artifactKey: Guid(e633a20421c47426aa04444234225b69) Importer(815301076,1909f56bfc062723c751e8b465ee728b)
Start importing Assets/Standard Assets/Environment/Water/Water/Materials/WaterProNighttime.mat using Guid(e633a20421c47426aa04444234225b69) Importer(815301076,1909f56bfc062723c751e8b465ee728b)  -> (artifact id: '9e2800a2628e70864847784852ce5602') in 0.025399 seconds 
========================================================================
Received Import Request.
  Time since last request: 0.603791 seconds.
  path: Assets/Suburban Structure Kit/Materials/WhiteSiding1.mat
  artifactKey: Guid(fbb1664bafa56e8498d8c42bc7429a55) Importer(815301076,1909f56bfc062723c751e8b465ee728b)
Start importing Assets/Suburban Structure Kit/Materials/WhiteSiding1.mat using Guid(fbb1664bafa56e8498d8c42bc7429a55) Importer(815301076,1909f56bfc062723c751e8b465ee728b)  -> (artifact id: '9cfd2fe6e6e20f2b000a3ef575da21e6') in 0.018753 seconds 
Editor requested this worker to shutdown with reason: Scaling down because of idle timeout
AssetImportWorker is now disconnected from the server
Process exiting
Exiting without the bug reporter. Application will terminate with return code 0